
*** Running vivado
    with args -log contador_pessoas.vdi -applog -m64 -messageDb vivado.pb -mode batch -source contador_pessoas.tcl -notrace

WARNING: Default location for XILINX_VIVADO_HLS not found: 

****** Vivado v2015.1 (64-bit)
  **** SW Build 1215546 on Mon Apr 27 19:22:08 MDT 2015
  **** IP Build 1209967 on Tue Apr 21 11:39:20 MDT 2015
    ** Copyright 1986-2015 Xilinx, Inc. All Rights Reserved.

source contador_pessoas.tcl -notrace
Design is defaulting to srcset: sources_1
Design is defaulting to constrset: constrs_1
INFO: [Netlist 29-17] Analyzing 66 Unisim elements for replacement
INFO: [Netlist 29-28] Unisim Transformation completed in 0 CPU seconds
INFO: [Project 1-479] Netlist was created with Vivado 2015.1
INFO: [Device 21-403] Loading part xc7a100tcsg324-1
INFO: [Project 1-570] Preparing netlist for logic optimization
INFO: [Opt 31-138] Pushed 0 inverter(s) to 0 load pin(s).
INFO: [Project 1-111] Unisim Transformation Summary:
No Unisim elements were transformed.

link_design: Time (s): cpu = 00:00:06 ; elapsed = 00:00:08 . Memory (MB): peak = 448.297 ; gain = 253.863
Command: opt_design
Attempting to get a license for feature 'Implementation' and/or device 'xc7a100t'
INFO: [Common 17-349] Got license for feature 'Implementation' and/or device 'xc7a100t'
Running DRC as a precondition to command opt_design

Starting DRC Task
INFO: [DRC 23-27] Running DRC with 2 threads
INFO: [Project 1-461] DRC finished with 0 Errors
INFO: [Project 1-462] Please refer to the DRC report (report_drc) for more information.

Time (s): cpu = 00:00:01 ; elapsed = 00:00:00.269 . Memory (MB): peak = 454.238 ; gain = 2.766
INFO: [Timing 38-35] Done setting XDC timing constraints.

Starting Logic Optimization Task

Phase 1 Retarget

INFO: [Opt 31-138] Pushed 1 inverter(s) to 20 load pin(s).
INFO: [Opt 31-49] Retargeted 0 cell(s).
Phase 1 Retarget | Checksum: b80d348a

Time (s): cpu = 00:00:00 ; elapsed = 00:00:00.090 . Memory (MB): peak = 940.699 ; gain = 0.000

Phase 2 Constant Propagation
INFO: [Opt 31-138] Pushed 0 inverter(s) to 0 load pin(s).
INFO: [Opt 31-10] Eliminated 0 cells.
Phase 2 Constant Propagation | Checksum: 1594c9fb3

Time (s): cpu = 00:00:00 ; elapsed = 00:00:00.139 . Memory (MB): peak = 940.699 ; gain = 0.000

Phase 3 Sweep
INFO: [Opt 31-12] Eliminated 162 unconnected nets.
INFO: [Opt 31-11] Eliminated 0 unconnected cells.
Phase 3 Sweep | Checksum: 127646e79

Time (s): cpu = 00:00:01 ; elapsed = 00:00:00.225 . Memory (MB): peak = 940.699 ; gain = 0.000

Starting Connectivity Check Task

Time (s): cpu = 00:00:00 ; elapsed = 00:00:00.002 . Memory (MB): peak = 940.699 ; gain = 0.000
Ending Logic Optimization Task | Checksum: 127646e79

Time (s): cpu = 00:00:01 ; elapsed = 00:00:00.229 . Memory (MB): peak = 940.699 ; gain = 0.000
Implement Debug Cores | Checksum: d99dc74a
Logic Optimization | Checksum: d99dc74a

Starting Power Optimization Task
INFO: [Pwropt 34-132] Skipping clock gating for clocks with a period < 3.13 ns.
Ending Power Optimization Task | Checksum: 127646e79

Time (s): cpu = 00:00:00 ; elapsed = 00:00:00.033 . Memory (MB): peak = 940.699 ; gain = 0.000
INFO: [Common 17-83] Releasing license: Implementation
20 Infos, 0 Warnings, 0 Critical Warnings and 0 Errors encountered.
opt_design completed successfully
opt_design: Time (s): cpu = 00:00:21 ; elapsed = 00:00:22 . Memory (MB): peak = 940.699 ; gain = 492.402
INFO: [DRC 23-27] Running DRC with 2 threads
INFO: [Coretcl 2-168] The results of DRC are in file C:/Users/guede/Downloads/contador_pessoas/contador_pessoas.runs/impl_1/contador_pessoas_drc_opted.rpt.
Command: place_design
Attempting to get a license for feature 'Implementation' and/or device 'xc7a100t'
INFO: [Common 17-349] Got license for feature 'Implementation' and/or device 'xc7a100t'
INFO: [DRC 23-27] Running DRC with 2 threads
INFO: [Vivado_Tcl 4-198] DRC finished with 0 Errors
INFO: [Vivado_Tcl 4-199] Please refer to the DRC report (report_drc) for more information.
Running DRC as a precondition to command place_design
INFO: [DRC 23-27] Running DRC with 2 threads
INFO: [Vivado_Tcl 4-198] DRC finished with 0 Errors
INFO: [Vivado_Tcl 4-199] Please refer to the DRC report (report_drc) for more information.

Starting Placer Task
INFO: [Place 30-611] Multithreading enabled for place_design using a maximum of 2 CPUs

Phase 1 Placer Runtime Estimator
Phase 1 Placer Runtime Estimator | Checksum: 7d66ba06

Time (s): cpu = 00:00:00 ; elapsed = 00:00:00.068 . Memory (MB): peak = 940.699 ; gain = 0.000

Phase 2 Placer Initialization
Netlist sorting complete. Time (s): cpu = 00:00:00 ; elapsed = 00:00:00.001 . Memory (MB): peak = 940.699 ; gain = 0.000
Netlist sorting complete. Time (s): cpu = 00:00:00 ; elapsed = 00:00:00.001 . Memory (MB): peak = 940.699 ; gain = 0.000

Phase 2.1 IO Placement/ Clock Placement/ Build Placer Device

Phase 2.1.1 Pre-Place Cells
Phase 2.1.1 Pre-Place Cells | Checksum: 00000000

Time (s): cpu = 00:00:00 ; elapsed = 00:00:00.128 . Memory (MB): peak = 940.699 ; gain = 0.000
INFO: [Timing 38-35] Done setting XDC timing constraints.
HDDLXngTable::getXngEnums: array bounds error
HDDLXngTable::getXngEnums: array bounds error
HDDLXngTable::getXngEnums: array bounds error
HDDLXngTable::getXngEnums: array bounds error
HDDLXngTable::getXngEnums: array bounds error
HDDLXngTable::getXngEnums: array bounds error
HDDLXngTable::getXngEnums: array bounds error
HDDLXngTable::getXngEnums: array bounds error
HDDLXngTable::getXngEnums: array bounds error
HDDLXngTable::getXngEnums: array bounds error
HDDLXngTable::getXngEnums: array bounds error
HDDLXngTable::getXngEnums: array bounds error
HDDLXngTable::getXngEnums: array bounds error

Phase 2.1.2 IO & Clk Clean Up
Phase 2.1.2 IO & Clk Clean Up | Checksum: 00000000

Time (s): cpu = 00:00:02 ; elapsed = 00:00:02 . Memory (MB): peak = 962.289 ; gain = 21.590

Phase 2.1.3 Implementation Feasibility check On IDelay
Phase 2.1.3 Implementation Feasibility check On IDelay | Checksum: 00000000

Time (s): cpu = 00:00:02 ; elapsed = 00:00:02 . Memory (MB): peak = 962.289 ; gain = 21.590

Phase 2.1.4 Commit IO Placement
Phase 2.1.4 Commit IO Placement | Checksum: 0596e5a7

Time (s): cpu = 00:00:02 ; elapsed = 00:00:02 . Memory (MB): peak = 962.289 ; gain = 21.590
Phase 2.1 IO Placement/ Clock Placement/ Build Placer Device | Checksum: dc92ce63

Time (s): cpu = 00:00:02 ; elapsed = 00:00:02 . Memory (MB): peak = 962.289 ; gain = 21.590

Phase 2.2 Build Placer Netlist Model

Phase 2.2.1 Place Init Design
Phase 2.2.1 Place Init Design | Checksum: 1cdc3bb48

Time (s): cpu = 00:00:02 ; elapsed = 00:00:02 . Memory (MB): peak = 962.289 ; gain = 21.590
Phase 2.2 Build Placer Netlist Model | Checksum: 1cdc3bb48

Time (s): cpu = 00:00:02 ; elapsed = 00:00:02 . Memory (MB): peak = 962.289 ; gain = 21.590

Phase 2.3 Constrain Clocks/Macros

Phase 2.3.1 Constrain Global/Regional Clocks
Phase 2.3.1 Constrain Global/Regional Clocks | Checksum: 1cdc3bb48

Time (s): cpu = 00:00:02 ; elapsed = 00:00:02 . Memory (MB): peak = 962.289 ; gain = 21.590
Phase 2.3 Constrain Clocks/Macros | Checksum: 1cdc3bb48

Time (s): cpu = 00:00:02 ; elapsed = 00:00:02 . Memory (MB): peak = 962.289 ; gain = 21.590
Phase 2 Placer Initialization | Checksum: 1cdc3bb48

Time (s): cpu = 00:00:02 ; elapsed = 00:00:02 . Memory (MB): peak = 962.289 ; gain = 21.590

Phase 3 Global Placement
Phase 3 Global Placement | Checksum: 11e6fbfb5

Time (s): cpu = 00:00:03 ; elapsed = 00:00:02 . Memory (MB): peak = 962.289 ; gain = 21.590

Phase 4 Detail Placement

Phase 4.1 Commit Multi Column Macros
Phase 4.1 Commit Multi Column Macros | Checksum: 11e6fbfb5

Time (s): cpu = 00:00:03 ; elapsed = 00:00:02 . Memory (MB): peak = 962.289 ; gain = 21.590

Phase 4.2 Commit Most Macros & LUTRAMs
Phase 4.2 Commit Most Macros & LUTRAMs | Checksum: 1577f05e3

Time (s): cpu = 00:00:03 ; elapsed = 00:00:02 . Memory (MB): peak = 962.289 ; gain = 21.590

Phase 4.3 Area Swap Optimization
Phase 4.3 Area Swap Optimization | Checksum: 157122ead

Time (s): cpu = 00:00:03 ; elapsed = 00:00:02 . Memory (MB): peak = 962.289 ; gain = 21.590

Phase 4.4 Small Shape Detail Placement

Phase 4.4.1 Commit Small Macros & Core Logic

Phase 4.4.1.1 Commit Slice Clusters
Phase 4.4.1.1 Commit Slice Clusters | Checksum: 1b13923ff

Time (s): cpu = 00:00:04 ; elapsed = 00:00:03 . Memory (MB): peak = 962.289 ; gain = 21.590
Phase 4.4.1 Commit Small Macros & Core Logic | Checksum: 1b13923ff

Time (s): cpu = 00:00:04 ; elapsed = 00:00:03 . Memory (MB): peak = 962.289 ; gain = 21.590

Phase 4.4.2 Clock Restriction Legalization for Leaf Columns
Phase 4.4.2 Clock Restriction Legalization for Leaf Columns | Checksum: 1b13923ff

Time (s): cpu = 00:00:04 ; elapsed = 00:00:03 . Memory (MB): peak = 962.289 ; gain = 21.590

Phase 4.4.3 Clock Restriction Legalization for Non-Clock Pins
Phase 4.4.3 Clock Restriction Legalization for Non-Clock Pins | Checksum: 1b13923ff

Time (s): cpu = 00:00:04 ; elapsed = 00:00:03 . Memory (MB): peak = 962.289 ; gain = 21.590
Phase 4.4 Small Shape Detail Placement | Checksum: 1b13923ff

Time (s): cpu = 00:00:04 ; elapsed = 00:00:03 . Memory (MB): peak = 962.289 ; gain = 21.590

Phase 4.5 Re-assign LUT pins
Phase 4.5 Re-assign LUT pins | Checksum: 1b13923ff

Time (s): cpu = 00:00:04 ; elapsed = 00:00:03 . Memory (MB): peak = 962.289 ; gain = 21.590
Phase 4 Detail Placement | Checksum: 1b13923ff

Time (s): cpu = 00:00:04 ; elapsed = 00:00:03 . Memory (MB): peak = 962.289 ; gain = 21.590

Phase 5 Post Placement Optimization and Clean-Up

Phase 5.1 PCOPT Shape updates
Phase 5.1 PCOPT Shape updates | Checksum: 17f86ce27

Time (s): cpu = 00:00:04 ; elapsed = 00:00:03 . Memory (MB): peak = 962.289 ; gain = 21.590

Phase 5.2 Post Commit Optimization
Phase 5.2 Post Commit Optimization | Checksum: 17f86ce27

Time (s): cpu = 00:00:04 ; elapsed = 00:00:03 . Memory (MB): peak = 962.289 ; gain = 21.590

Phase 5.3 Sweep Clock Roots: Post-Placement
Phase 5.3 Sweep Clock Roots: Post-Placement | Checksum: 17f86ce27

Time (s): cpu = 00:00:04 ; elapsed = 00:00:03 . Memory (MB): peak = 962.289 ; gain = 21.590

Phase 5.4 Post Placement Cleanup
Phase 5.4 Post Placement Cleanup | Checksum: 17f86ce27

Time (s): cpu = 00:00:04 ; elapsed = 00:00:03 . Memory (MB): peak = 962.289 ; gain = 21.590

Phase 5.5 Placer Reporting
Phase 5.5 Placer Reporting | Checksum: 17f86ce27

Time (s): cpu = 00:00:04 ; elapsed = 00:00:03 . Memory (MB): peak = 962.289 ; gain = 21.590

Phase 5.6 Final Placement Cleanup
Phase 5.6 Final Placement Cleanup | Checksum: 10f7fb6f7

Time (s): cpu = 00:00:04 ; elapsed = 00:00:03 . Memory (MB): peak = 962.289 ; gain = 21.590
Phase 5 Post Placement Optimization and Clean-Up | Checksum: 10f7fb6f7

Time (s): cpu = 00:00:04 ; elapsed = 00:00:03 . Memory (MB): peak = 962.289 ; gain = 21.590
Ending Placer Task | Checksum: 10a49a4e7

Time (s): cpu = 00:00:04 ; elapsed = 00:00:03 . Memory (MB): peak = 962.289 ; gain = 21.590
INFO: [Common 17-83] Releasing license: Implementation
32 Infos, 0 Warnings, 0 Critical Warnings and 0 Errors encountered.
place_design completed successfully
Writing placer database...
Writing XDEF routing.
Writing XDEF routing logical nets.
Writing XDEF routing special nets.
Write XDEF Complete: Time (s): cpu = 00:00:00 ; elapsed = 00:00:00.212 . Memory (MB): peak = 962.289 ; gain = 0.000
report_io: Time (s): cpu = 00:00:00 ; elapsed = 00:00:00.061 . Memory (MB): peak = 962.289 ; gain = 0.000
report_utilization: Time (s): cpu = 00:00:00 ; elapsed = 00:00:00.089 . Memory (MB): peak = 962.289 ; gain = 0.000
report_control_sets: Time (s): cpu = 00:00:00 ; elapsed = 00:00:00.002 . Memory (MB): peak = 962.289 ; gain = 0.000
Command: route_design
Attempting to get a license for feature 'Implementation' and/or device 'xc7a100t'
INFO: [Common 17-349] Got license for feature 'Implementation' and/or device 'xc7a100t'
Running DRC as a precondition to command route_design
INFO: [DRC 23-27] Running DRC with 2 threads
INFO: [Vivado_Tcl 4-198] DRC finished with 0 Errors
INFO: [Vivado_Tcl 4-199] Please refer to the DRC report (report_drc) for more information.


Starting Routing Task
INFO: [Route 35-254] Multithreading enabled for route_design using a maximum of 2 CPUs

Phase 1 Build RT Design
Phase 1 Build RT Design | Checksum: 12d0057cb

Time (s): cpu = 00:00:51 ; elapsed = 00:00:46 . Memory (MB): peak = 1066.805 ; gain = 104.516

Phase 2 Router Initialization
INFO: [Route 35-64] No timing constraints were detected. The router will operate in resource-optimization mode.

Phase 2.1 Pre Route Cleanup
Phase 2.1 Pre Route Cleanup | Checksum: 12d0057cb

Time (s): cpu = 00:00:51 ; elapsed = 00:00:46 . Memory (MB): peak = 1071.852 ; gain = 109.563
 Number of Nodes with overlaps = 0
Phase 2 Router Initialization | Checksum: 11bed3cba

Time (s): cpu = 00:00:51 ; elapsed = 00:00:46 . Memory (MB): peak = 1075.039 ; gain = 112.750

Phase 3 Initial Routing
Phase 3 Initial Routing | Checksum: f4959938

Time (s): cpu = 00:00:51 ; elapsed = 00:00:46 . Memory (MB): peak = 1075.039 ; gain = 112.750

Phase 4 Rip-up And Reroute

Phase 4.1 Global Iteration 0
 Number of Nodes with overlaps = 55
 Number of Nodes with overlaps = 0
Phase 4.1 Global Iteration 0 | Checksum: 8d8310d9

Time (s): cpu = 00:00:51 ; elapsed = 00:00:46 . Memory (MB): peak = 1075.039 ; gain = 112.750
Phase 4 Rip-up And Reroute | Checksum: 8d8310d9

Time (s): cpu = 00:00:51 ; elapsed = 00:00:46 . Memory (MB): peak = 1075.039 ; gain = 112.750

Phase 5 Delay and Skew Optimization
Phase 5 Delay and Skew Optimization | Checksum: 8d8310d9

Time (s): cpu = 00:00:51 ; elapsed = 00:00:46 . Memory (MB): peak = 1075.039 ; gain = 112.750

Phase 6 Post Hold Fix
Phase 6 Post Hold Fix | Checksum: 8d8310d9

Time (s): cpu = 00:00:51 ; elapsed = 00:00:46 . Memory (MB): peak = 1075.039 ; gain = 112.750

Phase 7 Route finalize

Router Utilization Summary
  Global Vertical Routing Utilization    = 0.0388214 %
  Global Horizontal Routing Utilization  = 0.0317562 %
  Routable Net Status*
  *Does not include unroutable nets such as driverless and loadless.
  Run report_route_status for detailed report.
  Number of Failed Nets               = 0
  Number of Unrouted Nets             = 0
  Number of Partially Routed Nets     = 0
  Number of Node Overlaps             = 0

Congestion Report
North Dir 1x1 Area, Max Cong = 18.9189%, No Congested Regions.
South Dir 1x1 Area, Max Cong = 22.5225%, No Congested Regions.
East Dir 1x1 Area, Max Cong = 14.7059%, No Congested Regions.
West Dir 1x1 Area, Max Cong = 30.8824%, No Congested Regions.
Phase 7 Route finalize | Checksum: 8d8310d9

Time (s): cpu = 00:00:52 ; elapsed = 00:00:46 . Memory (MB): peak = 1075.039 ; gain = 112.750

Phase 8 Verifying routed nets

 Verification completed successfully
Phase 8 Verifying routed nets | Checksum: 8d8310d9

Time (s): cpu = 00:00:52 ; elapsed = 00:00:46 . Memory (MB): peak = 1076.648 ; gain = 114.359

Phase 9 Depositing Routes
Phase 9 Depositing Routes | Checksum: b8c82476

Time (s): cpu = 00:00:52 ; elapsed = 00:00:46 . Memory (MB): peak = 1076.648 ; gain = 114.359
INFO: [Route 35-16] Router Completed Successfully

Time (s): cpu = 00:00:52 ; elapsed = 00:00:46 . Memory (MB): peak = 1076.648 ; gain = 114.359

Routing Is Done.
INFO: [Common 17-83] Releasing license: Implementation
40 Infos, 0 Warnings, 0 Critical Warnings and 0 Errors encountered.
route_design completed successfully
route_design: Time (s): cpu = 00:00:53 ; elapsed = 00:00:47 . Memory (MB): peak = 1076.648 ; gain = 114.359
Writing placer database...
Writing XDEF routing.
Writing XDEF routing logical nets.
Writing XDEF routing special nets.
Write XDEF Complete: Time (s): cpu = 00:00:00 ; elapsed = 00:00:00.141 . Memory (MB): peak = 1076.648 ; gain = 0.000
INFO: [DRC 23-27] Running DRC with 2 threads
INFO: [Coretcl 2-168] The results of DRC are in file C:/Users/guede/Downloads/contador_pessoas/contador_pessoas.runs/impl_1/contador_pessoas_drc_routed.rpt.
INFO: [Timing 38-91] UpdateTimingParams: Speed grade: -1, Delay Type: min_max.
INFO: [Timing 38-191] Multithreading enabled for timing update using a maximum of 2 CPUs
WARNING: [Timing 38-313] There are no user specified timing constraints. Timing constraints are needed for proper timing analysis.
WARNING: [Power 33-232] No user defined clocks were found in the design!
Resolution: Please specify clocks using create_clock/create_generated_clock for sequential elements. For pure combinatorial circuits, please specify a virtual clock, otherwise the vectorless estimation might be inaccurate
Running Vector-less Activity Propagation...

Finished Running Vector-less Activity Propagation
INFO: [Common 17-206] Exiting Vivado at Tue Nov 18 18:23:58 2025...
